This is pdfTeX, Version 3.14159265-2.6-1.40.20 (TeX Live 2019/Debian) (preloaded format=pdflatex 2025.10.27)  13 DEC 2025 01:58
entering extended mode
 restricted \write18 enabled.
 file:line:error style messages enabled.
 %&-line parsing enabled.
**/workspaces/Portfolio-Projects/.vscode/PARTS/PART_III/v29/manuscript_v29.tex
(/workspaces/Portfolio-Projects/.vscode/PARTS/PART_III/v29/manuscript_v29.tex
LaTeX2e <2020-02-02> patch level 2
L3 programming layer <2020-02-14> (/usr/share/texlive/texmf-dist/tex/latex/base/article.cls
Document Class: article 2019/12/20 v1.4l Standard LaTeX document class
(/usr/share/texlive/texmf-dist/tex/latex/base/size11.clo
File: size11.clo 2019/12/20 v1.4l Standard LaTeX file (size option)
)
\c@part=\count167
\c@section=\count168
\c@subsection=\count169
\c@subsubsection=\count170
\c@paragraph=\count171
\c@subparagraph=\count172
\c@figure=\count173
\c@table=\count174
\abovecaptionskip=\skip47
\belowcaptionskip=\skip48
\bibindent=\dimen134
) (/usr/share/texlive/texmf-dist/tex/latex/geometry/geometry.sty
Package: geometry 2020/01/02 v5.9 Page Geometry
 (/usr/share/texlive/texmf-dist/tex/latex/graphics/keyval.sty
Package: keyval 2014/10/28 v1.15 key=value parser (DPC)
\KV@toks@=\toks14
) (/usr/share/texlive/texmf-dist/tex/generic/iftex/ifvtex.sty
Package: ifvtex 2019/10/25 v1.7 ifvtex legacy package. Use iftex instead.
 (/usr/share/texlive/texmf-dist/tex/generic/iftex/iftex.sty
Package: iftex 2019/11/07 v1.0c TeX engine tests
))
\Gm@cnth=\count175
\Gm@cntv=\count176
\c@Gm@tempcnt=\count177
\Gm@bindingoffset=\dimen135
\Gm@wd@mp=\dimen136
\Gm@odd@mp=\dimen137
\Gm@even@mp=\dimen138
\Gm@layoutwidth=\dimen139
\Gm@layoutheight=\dimen140
\Gm@layouthoffset=\dimen141
\Gm@layoutvoffset=\dimen142
\Gm@dimlist=\toks15
) (/usr/share/texlive/texmf-dist/tex/latex/amsmath/amsmath.sty
Package: amsmath 2020/01/20 v2.17e AMS math features
\@mathmargin=\skip49

For additional information on amsmath, use the `?' option.
(/usr/share/texlive/texmf-dist/tex/latex/amsmath/amstext.sty
Package: amstext 2000/06/29 v2.01 AMS text
 (/usr/share/texlive/texmf-dist/tex/latex/amsmath/amsgen.sty
File: amsgen.sty 1999/11/30 v2.0 generic functions
\@emptytoks=\toks16
\ex@=\dimen143
)) (/usr/share/texlive/texmf-dist/tex/latex/amsmath/amsbsy.sty
Package: amsbsy 1999/11/29 v1.2d Bold Symbols
\pmbraise@=\dimen144
) (/usr/share/texlive/texmf-dist/tex/latex/amsmath/amsopn.sty
Package: amsopn 2016/03/08 v2.02 operator names
)
\inf@bad=\count178
LaTeX Info: Redefining \frac on input line 227.
\uproot@=\count179
\leftroot@=\count180
LaTeX Info: Redefining \overline on input line 389.
\classnum@=\count181
\DOTSCASE@=\count182
LaTeX Info: Redefining \ldots on input line 486.
LaTeX Info: Redefining \dots on input line 489.
LaTeX Info: Redefining \cdots on input line 610.
\Mathstrutbox@=\box45
\strutbox@=\box46
\big@size=\dimen145
LaTeX Font Info:    Redeclaring font encoding OML on input line 733.
LaTeX Font Info:    Redeclaring font encoding OMS on input line 734.
\macc@depth=\count183
\c@MaxMatrixCols=\count184
\dotsspace@=\muskip16
\c@parentequation=\count185
\dspbrk@lvl=\count186
\tag@help=\toks17
\row@=\count187
\column@=\count188
\maxfields@=\count189
\andhelp@=\toks18
\eqnshift@=\dimen146
\alignsep@=\dimen147
\tagshift@=\dimen148
\tagwidth@=\dimen149
\totwidth@=\dimen150
\lineht@=\dimen151
\@envbody=\toks19
\multlinegap=\skip50
\multlinetaggap=\skip51
\mathdisplay@stack=\toks20
LaTeX Info: Redefining \[ on input line 2859.
LaTeX Info: Redefining \] on input line 2860.
) (/usr/share/texlive/texmf-dist/tex/latex/amsfonts/amssymb.sty
Package: amssymb 2013/01/14 v3.01 AMS font symbols
 (/usr/share/texlive/texmf-dist/tex/latex/amsfonts/amsfonts.sty
Package: amsfonts 2013/01/14 v3.01 Basic AMSFonts support
\symAMSa=\mathgroup4
\symAMSb=\mathgroup5
LaTeX Font Info:    Redeclaring math symbol \hbar on input line 98.
LaTeX Font Info:    Overwriting math alphabet `\mathfrak' in version `bold'
(Font)                  U/euf/m/n --> U/euf/b/n on input line 106.
)) (/usr/share/texlive/texmf-dist/tex/latex/amscls/amsthm.sty
Package: amsthm 2017/10/31 v2.20.4
\thm@style=\toks21
\thm@bodyfont=\toks22
\thm@headfont=\toks23
\thm@notefont=\toks24
\thm@headpunct=\toks25
\thm@preskip=\skip52
\thm@postskip=\skip53
\thm@headsep=\skip54
\dth@everypar=\toks26
) (/usr/share/texlive/texmf-dist/tex/latex/mathtools/mathtools.sty
Package: mathtools 2020/01/17 v1.23 mathematical typesetting tools
 (/usr/share/texlive/texmf-dist/tex/latex/tools/calc.sty
Package: calc 2017/05/25 v4.3 Infix arithmetic (KKT,FJ)
\calc@Acount=\count190
\calc@Bcount=\count191
\calc@Adimen=\dimen152
\calc@Bdimen=\dimen153
\calc@Askip=\skip55
\calc@Bskip=\skip56
LaTeX Info: Redefining \setlength on input line 80.
LaTeX Info: Redefining \addtolength on input line 81.
\calc@Ccount=\count192
\calc@Cskip=\skip57
) (/usr/share/texlive/texmf-dist/tex/latex/mathtools/mhsetup.sty
Package: mhsetup 2017/03/31 v1.3 programming setup (MH)
)
LaTeX Info: Thecontrolsequence`\('isalreadyrobust on input line 129.
LaTeX Info: Thecontrolsequence`\)'isalreadyrobust on input line 129.
LaTeX Info: Thecontrolsequence`\['isalreadyrobust on input line 129.
LaTeX Info: Thecontrolsequence`\]'isalreadyrobust on input line 129.
\g_MT_multlinerow_int=\count193
\l_MT_multwidth_dim=\dimen154
\origjot=\skip58
\l_MT_shortvdotswithinadjustabove_dim=\dimen155
\l_MT_shortvdotswithinadjustbelow_dim=\dimen156
\l_MT_above_intertext_sep=\dimen157
\l_MT_below_intertext_sep=\dimen158
\l_MT_above_shortintertext_sep=\dimen159
\l_MT_below_shortintertext_sep=\dimen160
) (/usr/share/texlive/texmf-dist/tex/latex/microtype/microtype.sty
Package: microtype 2019/11/18 v2.7d Micro-typographical refinements (RS)
\MT@toks=\toks27
\MT@count=\count194
LaTeX Info: Redefining \textls on input line 790.
\MT@outer@kern=\dimen161
LaTeX Info: Redefining \textmicrotypecontext on input line 1354.
\MT@listname@count=\count195
 (/usr/share/texlive/texmf-dist/tex/latex/microtype/microtype-pdftex.def
File: microtype-pdftex.def 2019/11/18 v2.7d Definitions specific to pdftex (RS)
LaTeX Info: Redefining \lsstyle on input line 914.
LaTeX Info: Redefining \lslig on input line 914.
\MT@outer@space=\skip59
)
Package microtype Info: Loading configuration file microtype.cfg.
 (/usr/share/texlive/texmf-dist/tex/latex/microtype/microtype.cfg
File: microtype.cfg 2019/11/18 v2.7d microtype main configuration file (RS)
)) (/usr/share/texlive/texmf-dist/tex/latex/hyperref/hyperref.sty
Package: hyperref 2020/01/14 v7.00d Hypertext links for LaTeX
 (/usr/share/texlive/texmf-dist/tex/generic/ltxcmds/ltxcmds.sty
Package: ltxcmds 2019/12/15 v1.24 LaTeX kernel commands for general use (HO)
) (/usr/share/texlive/texmf-dist/tex/latex/pdftexcmds/pdftexcmds.sty
Package: pdftexcmds 2019/11/24 v0.31 Utility functions of pdfTeX for LuaTeX (HO)
 (/usr/share/texlive/texmf-dist/tex/generic/infwarerr/infwarerr.sty
Package: infwarerr 2019/12/03 v1.5 Providing info/warning/error messages (HO)
)
Package pdftexcmds Info: \pdf@primitive is available.
Package pdftexcmds Info: \pdf@ifprimitive is available.
Package pdftexcmds Info: \pdfdraftmode found.
) (/usr/share/texlive/texmf-dist/tex/generic/kvsetkeys/kvsetkeys.sty
Package: kvsetkeys 2019/12/15 v1.18 Key value parser (HO)
) (/usr/share/texlive/texmf-dist/tex/generic/kvdefinekeys/kvdefinekeys.sty
Package: kvdefinekeys 2019-12-19 v1.6 Define keys (HO)
) (/usr/share/texlive/texmf-dist/tex/generic/pdfescape/pdfescape.sty
Package: pdfescape 2019/12/09 v1.15 Implements pdfTeX's escape features (HO)
) (/usr/share/texlive/texmf-dist/tex/latex/hycolor/hycolor.sty
Package: hycolor 2020-01-27 v1.10 Color options for hyperref/bookmark (HO)
) (/usr/share/texlive/texmf-dist/tex/latex/letltxmacro/letltxmacro.sty
Package: letltxmacro 2019/12/03 v1.6 Let assignment for LaTeX macros (HO)
) (/usr/share/texlive/texmf-dist/tex/latex/auxhook/auxhook.sty
Package: auxhook 2019-12-17 v1.6 Hooks for auxiliary files (HO)
) (/usr/share/texlive/texmf-dist/tex/latex/kvoptions/kvoptions.sty
Package: kvoptions 2019/11/29 v3.13 Key value format for package options (HO)
)
\@linkdim=\dimen162
\Hy@linkcounter=\count196
\Hy@pagecounter=\count197
 (/usr/share/texlive/texmf-dist/tex/latex/hyperref/pd1enc.def
File: pd1enc.def 2020/01/14 v7.00d Hyperref: PDFDocEncoding definition (HO)
Now handling font encoding PD1 ...
... no UTF-8 mapping file for font encoding PD1
) (/usr/share/texlive/texmf-dist/tex/generic/intcalc/intcalc.sty
Package: intcalc 2019/12/15 v1.3 Expandable calculations with integers (HO)
) (/usr/share/texlive/texmf-dist/tex/generic/etexcmds/etexcmds.sty
Package: etexcmds 2019/12/15 v1.7 Avoid name clashes with e-TeX commands (HO)
)
\Hy@SavedSpaceFactor=\count198
\pdfmajorversion=\count199
Package hyperref Info: Hyper figures OFF on input line 4547.
Package hyperref Info: Link nesting OFF on input line 4552.
Package hyperref Info: Hyper index ON on input line 4555.
Package hyperref Info: Plain pages OFF on input line 4562.
Package hyperref Info: Backreferencing OFF on input line 4567.
Package hyperref Info: Implicit mode ON; LaTeX internals redefined.
Package hyperref Info: Bookmarks ON on input line 4800.
\c@Hy@tempcnt=\count266
 (/usr/share/texlive/texmf-dist/tex/latex/url/url.sty
\Urlmuskip=\muskip17
Package: url 2013/09/16  ver 3.4  Verb mode for urls, etc.
)
LaTeX Info: Redefining \url on input line 5159.
\XeTeXLinkMargin=\dimen163
 (/usr/share/texlive/texmf-dist/tex/generic/bitset/bitset.sty
Package: bitset 2019/12/09 v1.3 Handle bit-vector datatype (HO)
 (/usr/share/texlive/texmf-dist/tex/generic/bigintcalc/bigintcalc.sty
Package: bigintcalc 2019/12/15 v1.5 Expandable calculations on big integers (HO)
))
\Fld@menulength=\count267
\Field@Width=\dimen164
\Fld@charsize=\dimen165
Package hyperref Info: Hyper figures OFF on input line 6430.
Package hyperref Info: Link nesting OFF on input line 6435.
Package hyperref Info: Hyper index ON on input line 6438.
Package hyperref Info: backreferencing OFF on input line 6445.
Package hyperref Info: Link coloring OFF on input line 6450.
Package hyperref Info: Link coloring with OCG OFF on input line 6455.
Package hyperref Info: PDF/A mode OFF on input line 6460.
LaTeX Info: Redefining \ref on input line 6500.
LaTeX Info: Redefining \pageref on input line 6504.
 (/usr/share/texlive/texmf-dist/tex/generic/atbegshi/atbegshi.sty
Package: atbegshi 2019/12/05 v1.19 At begin shipout hook (HO)
)
\Hy@abspage=\count268
\c@Item=\count269
\c@Hfootnote=\count270
)
Package hyperref Info: Driver (autodetected): hpdftex.
 (/usr/share/texlive/texmf-dist/tex/latex/hyperref/hpdftex.def
File: hpdftex.def 2020/01/14 v7.00d Hyperref driver for pdfTeX
 (/usr/share/texlive/texmf-dist/tex/latex/atveryend/atveryend.sty
Package: atveryend 2019-12-11 v1.11 Hooks at the very end of document (HO)
Package atveryend Info: \enddocument detected (standard20110627).
)
\Fld@listcount=\count271
\c@bookmark@seq@number=\count272
 (/usr/share/texlive/texmf-dist/tex/latex/rerunfilecheck/rerunfilecheck.sty
Package: rerunfilecheck 2019/12/05 v1.9 Rerun checks for auxiliary files (HO)
 (/usr/share/texlive/texmf-dist/tex/generic/uniquecounter/uniquecounter.sty
Package: uniquecounter 2019/12/15 v1.4 Provide unlimited unique counter (HO)
)
Package uniquecounter Info: New unique counter `rerunfilecheck' on input line 286.
)
\Hy@SectionHShift=\skip60
) (/usr/share/texlive/texmf-dist/tex/latex/hyperref/nameref.sty
Package: nameref 2019/09/16 v2.46 Cross-referencing by name of section
 (/usr/share/texlive/texmf-dist/tex/latex/refcount/refcount.sty
Package: refcount 2019/12/15 v3.6 Data extraction from label references (HO)
) (/usr/share/texlive/texmf-dist/tex/generic/gettitlestring/gettitlestring.sty
Package: gettitlestring 2019/12/15 v1.6 Cleanup title references (HO)
)
\c@section@level=\count273
) (/usr/share/texlive/texmf-dist/tex/latex/tools/tabularx.sty
Package: tabularx 2020/01/15 v2.11c `tabularx' package (DPC)
 (/usr/share/texlive/texmf-dist/tex/latex/tools/array.sty
Package: array 2019/08/31 v2.4l Tabular extension package (FMi)
\col@sep=\dimen166
\ar@mcellbox=\box47
\extrarowheight=\dimen167
\NC@list=\toks28
\extratabsurround=\skip61
\backup@length=\skip62
\ar@cellbox=\box48
)
\TX@col@width=\dimen168
\TX@old@table=\dimen169
\TX@old@col=\dimen170
\TX@target=\dimen171
\TX@delta=\dimen172
\TX@cols=\count274
\TX@ftn=\toks29
) (/usr/share/texlive/texmf-dist/tex/latex/booktabs/booktabs.sty
Package: booktabs 2020/01/12 v1.61803398 Publication quality tables
\heavyrulewidth=\dimen173
\lightrulewidth=\dimen174
\cmidrulewidth=\dimen175
\belowrulesep=\dimen176
\belowbottomsep=\dimen177
\aboverulesep=\dimen178
\abovetopsep=\dimen179
\cmidrulesep=\dimen180
\cmidrulekern=\dimen181
\defaultaddspace=\dimen182
\@cmidla=\count275
\@cmidlb=\count276
\@aboverulesep=\dimen183
\@belowrulesep=\dimen184
\@thisruleclass=\count277
\@lastruleclass=\count278
\@thisrulewidth=\dimen185
) (/usr/share/texlive/texmf-dist/tex/latex/enumitem/enumitem.sty
Package: enumitem 2019/06/20 v3.9 Customized lists
\labelindent=\skip63
\enit@outerparindent=\dimen186
\enit@toks=\toks30
\enit@inbox=\box49
\enit@count@id=\count279
\enitdp@description=\count280
) (/usr/share/texlive/texmf-dist/tex/latex/needspace/needspace.sty
Package: needspace 2010/09/12 v1.3d reserve vertical space
) (/usr/share/texlive/texmf-dist/tex/latex/caption/caption.sty
Package: caption 2020/01/03 v3.4h Customizing captions (AR)
 (/usr/share/texlive/texmf-dist/tex/latex/caption/caption3.sty
Package: caption3 2020/01/03 v1.8h caption3 kernel (AR)
Package caption3 Info: TeX engine: e-TeX on input line 61.
\captionmargin=\dimen187
\captionmargin@=\dimen188
\captionwidth=\dimen189
\caption@tempdima=\dimen190
\caption@indent=\dimen191
\caption@parindent=\dimen192
\caption@hangindent=\dimen193
Package caption Info: Standard document class detected.
)
\c@caption@flags=\count281
\c@continuedfloat=\count282
Package caption Info: hyperref package is loaded.
) (/usr/share/texlive/texmf-dist/tex/latex/float/float.sty
Package: float 2001/11/08 v1.3d Float enhancements (AL)
\c@float@type=\count283
\float@exts=\toks31
\float@box=\box50
\@float@everytoks=\toks32
\@floatcapt=\box51
) (/usr/share/texlive/texmf-dist/tex/latex/tools/longtable.sty
Package: longtable 2020/01/07 v4.13 Multi-page Table package (DPC)
\LTleft=\skip64
\LTright=\skip65
\LTpre=\skip66
\LTpost=\skip67
\LTchunksize=\count284
\LTcapwidth=\dimen194
\LT@head=\box52
\LT@firsthead=\box53
\LT@foot=\box54
\LT@lastfoot=\box55
\LT@cols=\count285
\LT@rows=\count286
\c@LT@tables=\count287
\c@LT@chunks=\count288
\LT@p@ftn=\toks33
) (/usr/share/texlive/texmf-dist/tex/latex/tools/verbatim.sty
Package: verbatim 2019/11/10 v1.5r LaTeX2e package for verbatim enhancements
\every@verbatim=\toks34
\verbatim@line=\toks35
\verbatim@in@stream=\read2
)
\c@theorem=\count289
 (/usr/share/texlive/texmf-dist/tex/latex/l3backend/l3backend-pdfmode.def
File: l3backend-pdfmode.def 2020-02-03 L3 backend support: PDF mode
\l__kernel_color_stack_int=\count290
\l__pdf_internal_box=\box56
) (/workspaces/Portfolio-Projects/.vscode/PARTS/PART_III/v29/manuscript_v29.aux)
\openout1 = `manuscript_v29.aux'.

LaTeX Font Info:    Checking defaults for OML/cmm/m/it on input line 66.
LaTeX Font Info:    ... okay on input line 66.
LaTeX Font Info:    Checking defaults for OMS/cmsy/m/n on input line 66.
LaTeX Font Info:    ... okay on input line 66.
LaTeX Font Info:    Checking defaults for OT1/cmr/m/n on input line 66.
LaTeX Font Info:    ... okay on input line 66.
LaTeX Font Info:    Checking defaults for T1/cmr/m/n on input line 66.
LaTeX Font Info:    ... okay on input line 66.
LaTeX Font Info:    Checking defaults for TS1/cmr/m/n on input line 66.
LaTeX Font Info:    ... okay on input line 66.
LaTeX Font Info:    Checking defaults for OMX/cmex/m/n on input line 66.
LaTeX Font Info:    ... okay on input line 66.
LaTeX Font Info:    Checking defaults for U/cmr/m/n on input line 66.
LaTeX Font Info:    ... okay on input line 66.
LaTeX Font Info:    Checking defaults for PD1/pdf/m/n on input line 66.
LaTeX Font Info:    ... okay on input line 66.

*geometry* driver: auto-detecting
*geometry* detected driver: pdftex
*geometry* verbose mode - [ preamble ] result:
* driver: pdftex
* paper: a4paper
* layout: <same size as paper>
* layoutoffset:(h,v)=(0.0pt,0.0pt)
* modes: 
* h-part:(L,W,R)=(72.26999pt, 452.9679pt, 72.26999pt)
* v-part:(T,H,B)=(72.26999pt, 700.50687pt, 72.26999pt)
* \paperwidth=597.50787pt
* \paperheight=845.04684pt
* \textwidth=452.9679pt
* \textheight=700.50687pt
* \oddsidemargin=0.0pt
* \evensidemargin=0.0pt
* \topmargin=-37.0pt
* \headheight=12.0pt
* \headsep=25.0pt
* \topskip=11.0pt
* \footskip=30.0pt
* \marginparwidth=59.0pt
* \marginparsep=10.0pt
* \columnsep=10.0pt
* \skip\footins=10.0pt plus 4.0pt minus 2.0pt
* \hoffset=0.0pt
* \voffset=0.0pt
* \mag=1000
* \@twocolumnfalse
* \@twosidefalse
* \@mparswitchfalse
* \@reversemarginfalse
* (1in=72.27pt=25.4mm, 1cm=28.453pt)

(/usr/share/texlive/texmf-dist/tex/latex/graphics/graphicx.sty
Package: graphicx 2019/11/30 v1.2a Enhanced LaTeX Graphics (DPC,SPQR)
 (/usr/share/texlive/texmf-dist/tex/latex/graphics/graphics.sty
Package: graphics 2019/11/30 v1.4a Standard LaTeX Graphics (DPC,SPQR)
 (/usr/share/texlive/texmf-dist/tex/latex/graphics/trig.sty
Package: trig 2016/01/03 v1.10 sin cos tan (DPC)
) (/usr/share/texlive/texmf-dist/tex/latex/graphics-cfg/graphics.cfg
File: graphics.cfg 2016/06/04 v1.11 sample graphics configuration
)
Package graphics Info: Driver file: pdftex.def on input line 105.
 (/usr/share/texlive/texmf-dist/tex/latex/graphics-def/pdftex.def
File: pdftex.def 2018/01/08 v1.0l Graphics/color driver for pdftex
 (/usr/share/texlive/texmf-dist/tex/context/base/mkii/supp-pdf.mkii
[Loading MPS to PDF converter (version 2006.09.02).]
\scratchcounter=\count291
\scratchdimen=\dimen195
\scratchbox=\box57
\nofMPsegments=\count292
\nofMParguments=\count293
\everyMPshowfont=\toks36
\MPscratchCnt=\count294
\MPscratchDim=\dimen196
\MPnumerator=\count295
\makeMPintoPDFobject=\count296
\everyMPtoPDFconversion=\toks37
))) (/usr/share/texlive/texmf-dist/tex/latex/epstopdf-pkg/epstopdf-base.sty
Package: epstopdf-base 2020-01-24 v2.11 Base part for package epstopdf
Package epstopdf-base Info: Redefining graphics rule for `.eps' on input line 485.
 (/usr/share/texlive/texmf-dist/tex/latex/latexconfig/epstopdf-sys.cfg
File: epstopdf-sys.cfg 2010/07/13 v1.3 Configuration of (r)epstopdf for TeX Live
))
\Gin@req@height=\dimen197
\Gin@req@width=\dimen198
)
LaTeX Info: Redefining \microtypecontext on input line 66.
Package microtype Info: Generating PDF output.
Package microtype Info: Character protrusion enabled (level 2).
Package microtype Info: Using default protrusion set `alltext'.
Package microtype Info: Automatic font expansion enabled (level 2),
(microtype)             stretch: 20, shrink: 20, step: 1, non-selected.
Package microtype Info: Using default expansion set `basictext'.
LaTeX Info: Redefining \showhyphens on input line 66.
Package microtype Info: No adjustment of tracking.
Package microtype Info: No adjustment of interword spacing.
Package microtype Info: No adjustment of character kerning.
 (/usr/share/texlive/texmf-dist/tex/latex/microtype/mt-cmr.cfg
File: mt-cmr.cfg 2013/05/19 v2.2 microtype config. file: Computer Modern Roman (RS)
)
\AtBeginShipoutBox=\box58
Package hyperref Info: Link coloring OFF on input line 66.
LaTeX Info: Redefining \ref on input line 66.
LaTeX Info: Redefining \pageref on input line 66.
LaTeX Info: Redefining \nameref on input line 66.
\@outlinefile=\write3
\openout3 = `manuscript_v29.out'.

Package caption Info: Begin \AtBeginDocument code.
Package caption Info: float package is loaded.
Package caption Info: longtable package is loaded.
 (/usr/share/texlive/texmf-dist/tex/latex/caption/ltcaption.sty
Package: ltcaption 2018/08/26 v1.4a longtable captions (AR)
)
Package caption Info: End \AtBeginDocument code.
LaTeX Font Info:    Trying to load font information for U+msa on input line 68.
 (/usr/share/texlive/texmf-dist/tex/latex/amsfonts/umsa.fd
File: umsa.fd 2013/01/14 v3.01 AMS symbols A
) (/usr/share/texlive/texmf-dist/tex/latex/microtype/mt-msa.cfg
File: mt-msa.cfg 2006/02/04 v1.1 microtype config. file: AMS symbols (a) (RS)
)
LaTeX Font Info:    Trying to load font information for U+msb on input line 68.
 (/usr/share/texlive/texmf-dist/tex/latex/amsfonts/umsb.fd
File: umsb.fd 2013/01/14 v3.01 AMS symbols B
) (/usr/share/texlive/texmf-dist/tex/latex/microtype/mt-msb.cfg
File: mt-msb.cfg 2005/06/01 v1.0 microtype config. file: AMS symbols (b) (RS)
)
\tf@toc=\write4
\openout4 = `manuscript_v29.toc'.



LaTeX Warning: Reference `thm:tail-closure' on page 1 undefined on input line 88.


LaTeX Warning: Reference `app:ledger' on page 1 undefined on input line 89.


LaTeX Warning: Reference `app:ledger' on page 1 undefined on input line 95.

LaTeX Font Info:    Font shape `OT1/cmtt/bx/n' in size <10> not available
(Font)              Font shape `OT1/cmtt/m/n' tried instead on input line 97.
Package microtype Info: Loading generic protrusion settings for font family
(microtype)             `cmtt' (encoding: OT1).
(microtype)             For optimal results, create family-specific settings.
(microtype)             See the microtype manual for details.
[1

{/var/lib/texmf/fonts/map/pdftex/updmap/pdftex.map}]

LaTeX Warning: Reference `app:band' on page 2 undefined on input line 186.

[2]

LaTeX Warning: Reference `eq:box' on page 3 undefined on input line 231.


LaTeX Warning: Reference `app:ledger' on page 3 undefined on input line 240.

[3] [4]

LaTeX Warning: Reference `lem:residual' on page 5 undefined on input line 354.


LaTeX Warning: Reference `lem:upper' on page 5 undefined on input line 354.


LaTeX Warning: Reference `lem:hbudget' on page 5 undefined on input line 354.


LaTeX Warning: Reference `eq:tailineq' on page 5 undefined on input line 365.


LaTeX Warning: Reference `eq:tailineq' on page 5 undefined on input line 366.


LaTeX Warning: Reference `eq:tailineq' on page 5 undefined on input line 376.


LaTeX Warning: Reference `eq:tailineq' on page 5 undefined on input line 377.


LaTeX Warning: Reference `app:monotone' on page 5 undefined on input line 383.


LaTeX Warning: Reference `app:ledger' on page 5 undefined on input line 388.


LaTeX Warning: Reference `eq:tailineq' on page 5 undefined on input line 389.


LaTeX Warning: Reference `app:ledger' on page 5 undefined on input line 392.


LaTeX Warning: Reference `eq:tailineq' on page 5 undefined on input line 392.


LaTeX Warning: Reference `app:band' on page 5 undefined on input line 399.


LaTeX Warning: Reference `thm:tail-cert' on page 5 undefined on input line 400.


LaTeX Warning: Reference `lem:monotone-m' on page 5 undefined on input line 400.


LaTeX Warning: Reference `eq:tailineq' on page 5 undefined on input line 400.


LaTeX Warning: Reference `thm:tail-closure' on page 5 undefined on input line 400.


LaTeX Warning: Reference `thm:RH' on page 5 undefined on input line 412.

[5]

LaTeX Warning: Reference `thm:RH' on page 6 undefined on input line 449.

[6]
Overfull \hbox (1215.00339pt too wide) detected at line 536
\OML/cmm/m/it/10.95 ^^N \OT1/cmr/m/n/10.95 = [] \OMS/cmsy/m/n/10.95 ^^Y \OT1/cmr/m/n/10.95 1\OML/cmm/m/it/10.95 :\OT1/cmr/m/n/10.95 15513455001067802592864950289321522574048286457553382737447926490988806453016497293151295\OML/cmm/m/it/10.95 E \OMS/cmsy/m/n/10.95 ^^@ \OT1/cmr/m/n/10.95 9\OML/cmm/m/it/10.95 ;  L\OT1/cmr/m/n/10.95 (\OML/cmm/m/it/10.95 m\OT1/cmr/m/n/10.95 ) \OMS/cmsy/m/n/10.95 2 \OT1/cmr/m/n/10.95 [491\OML/cmm/m/it/10.95 :\OT1/cmr/m/n/10.95 341708777349048135425622218896091459043128335924206273829637321126388469748001679671682\OML/cmm/m/it/10.95 ;  \OT1/cmr/m/n/10.95 494\OML/cmm/m/it/10.95 :\OT1/cmr/m/n/10.95 383986835864708456328459700355398735436749191497034315655168236600564392879655024202828]\OML/cmm/m/it/10.95 ;
 []


Overfull \hbox (659.56827pt too wide) detected at line 541
[] \OMS/cmsy/m/n/10.95 ^^T \OT1/cmr/m/n/10.95 4\OML/cmm/m/it/10.95 :\OT1/cmr/m/n/10.95 27046745474560981164768110630538666299243686556043572824338915520455458325067899725292224\OML/cmm/m/it/10.95 E \OMS/cmsy/m/n/10.95 ^^@ \OT1/cmr/m/n/10.95 8 \OML/cmm/m/it/10.95 <  \OT1/cmr/m/n/10.95 0\OML/cmm/m/it/10.95 :\OT1/cmr/m/n/10.95 129925639726395836197812146286004666615756201371024807491934904177615359862316516992282896 \OMS/cmsy/m/n/10.95 ^^T []\OML/cmm/m/it/10.95 :
 []


Overfull \hbox (84.69214pt too wide) in paragraph at lines 547--557
 [] 
 []

[7]
Overfull \hbox (254.1207pt too wide) in paragraph at lines 569--569
[]\OT1/cmtt/m/n/10.95 [generate] lhs_interval.hi = 4.27046745474560981164768110630538666299243686556043572824338915520455458325067899725292224E-8[] 
 []


Overfull \hbox (242.62332pt too wide) in paragraph at lines 570--570
[]\OT1/cmtt/m/n/10.95 [generate] rhs_interval.lo = 0.129925639726395836197812146286004666615756201371024807491934904177615359862316516992282896[] 
 []


Overfull \hbox (828.98947pt too wide) in paragraph at lines 574--574
[]\OT1/cmtt/m/n/10.95 LHS interval = {'lo': '4.24380258847434019390458058905974961069243127420911137611143519277177721326276319815844743E-8', 'hi': '4.27046745474560981164768110630538666299243686556043572824338915520455458325067899725292224E-8'}[] 
 []


Overfull \hbox (805.99472pt too wide) in paragraph at lines 575--575
[]\OT1/cmtt/m/n/10.95 RHS interval = {'lo': '0.129925639726395836197812146286004666615756201371024807491934904177615359862316516992282896', 'hi': '0.129925648141846547529208692497590111364630636918613405212147093045300719985149326638300030'}[] 
 []


Overfull \hbox (840.48685pt too wide) in paragraph at lines 576--576
[]\OT1/cmtt/m/n/10.95 Check: lhs.hi < rhs.lo  ==>  4.27046745474560981164768110630538666299243686556043572824338915520455458325067899725292224E-8 < 0.129925639726395836197812146286004666615756201371024807491934904177615359862316516992282896 = True[] 
 []


Overfull \hbox (90.2831pt too wide) in paragraph at lines 611--611
[]    \OT1/cmtt/m/n/10.95 "These constants are used by generate_tail_certificate.py and verify_tail_certificate.py.",[] 
 []

[8]
Overfull \hbox (142.02129pt too wide) in paragraph at lines 630--630
[]    \OT1/cmtt/m/n/10.95 "lo": "29.4227805851566032090283748145930727639362085557282804182553091547417592313165334453114455",[] 
 []


Overfull \hbox (137.42233pt too wide) in paragraph at lines 631--631
[]    \OT1/cmtt/m/n/10.95 "hi": "29.4227805851566032090283748145930727639362085557282804182553091547417592313165334453114455"[] 
 []


Overfull \hbox (159.26735pt too wide) in paragraph at lines 634--634
[]    \OT1/cmtt/m/n/10.95 "lo": "1.15513455001067802592864950289321522574048286457553382737447926490988806453016497293151295E-9",[] 
 []


Overfull \hbox (154.6684pt too wide) in paragraph at lines 635--635
[]    \OT1/cmtt/m/n/10.95 "hi": "1.15513455001067802592864950289321522574048286457553382737447926490988806453016497293151296E-9"[] 
 []


Overfull \hbox (142.02129pt too wide) in paragraph at lines 638--638
[]    \OT1/cmtt/m/n/10.95 "lo": "491.341708777349048135425622218896091459043128335924206273829637321126388469748001679671682",[] 
 []


Overfull \hbox (137.42233pt too wide) in paragraph at lines 639--639
[]    \OT1/cmtt/m/n/10.95 "hi": "494.383986835864708456328459700355398735436749191497034315655168236600564392879655024202828"[] 
 []


Overfull \hbox (159.26735pt too wide) in paragraph at lines 642--642
[]    \OT1/cmtt/m/n/10.95 "lo": "4.24380258847434019390458058905974961069243127420911137611143519277177721326276319815844743E-8",[] 
 []


Overfull \hbox (154.6684pt too wide) in paragraph at lines 643--643
[]    \OT1/cmtt/m/n/10.95 "hi": "4.27046745474560981164768110630538666299243686556043572824338915520455458325067899725292224E-8"[] 
 []


Overfull \hbox (147.76997pt too wide) in paragraph at lines 646--646
[]    \OT1/cmtt/m/n/10.95 "lo": "0.129925639726395836197812146286004666615756201371024807491934904177615359862316516992282896",[] 
 []


Overfull \hbox (143.17102pt too wide) in paragraph at lines 647--647
[]    \OT1/cmtt/m/n/10.95 "hi": "0.129925648141846547529208692497590111364630636918613405212147093045300719985149326638300030"[] 
 []


Overfull \hbox (159.26735pt too wide) in paragraph at lines 651--651
[]      \OT1/cmtt/m/n/10.95 "lo": "0.693147180559945309417232121458176568075500134360255254120680009493393621969694715605863327",[] 
 []


Overfull \hbox (154.6684pt too wide) in paragraph at lines 652--652
[]      \OT1/cmtt/m/n/10.95 "hi": "0.693147180559945309417232121458176568075500134360255254120680009493393621969694715605863327"[] 
 []


Overfull \hbox (159.26735pt too wide) in paragraph at lines 655--655
[]      \OT1/cmtt/m/n/10.95 "lo": "0.129965096354989745515731022773408106514156275192547860147627501780011304119317759176099373",[] 
 []


Overfull \hbox (154.6684pt too wide) in paragraph at lines 656--656
[]      \OT1/cmtt/m/n/10.95 "hi": "0.129965096354989745515731022773408106514156275192547860147627501780011304119317759176099375"[] 
 []


Overfull \hbox (165.01604pt too wide) in paragraph at lines 659--659
[]      \OT1/cmtt/m/n/10.95 "lo": "0.0827383500572443475236711620442491341185086557736206913728528561387020242248387512851407512",[] 
 []


Overfull \hbox (160.41708pt too wide) in paragraph at lines 660--660
[]      \OT1/cmtt/m/n/10.95 "hi": "0.0827383500572443475236711620442491341185086557736209547372007536994885577445868650239268751"[] 
 []


Overfull \hbox (153.51866pt too wide) in paragraph at lines 663--663
[]      \OT1/cmtt/m/n/10.95 "lo": "16.8564064605510183482195707320469789355424420304830450244464558356154641352704002966491695",[] 
 []


Overfull \hbox (148.91971pt too wide) in paragraph at lines 664--664
[]      \OT1/cmtt/m/n/10.95 "hi": "16.8564064605510183482195707320469789355424420304830450244464558356154641352704002966491696"[] 
 []

[9]
Overfull \hbox (110.4035pt too wide) in paragraph at lines 690--690
[]\OT1/cmtt/m/n/10.95 from decimal import Decimal, getcontext, localcontext, ROUND_FLOOR, ROUND_CEILING, ROUND_HALF_EVEN[] 
 []

[10]
Overfull \hbox (11.52608pt too wide) in paragraph at lines 742--742
[]        \OT1/cmtt/m/n/10.95 raise ZeroDivisionError("Interval division by an interval containing 0.")[] 
 []

[11]
Overfull \hbox (23.02345pt too wide) in paragraph at lines 775--775
[]    \OT1/cmtt/m/n/10.95 C1 = iv(constants["intervals"]["C1"]["lo"], constants["intervals"]["C1"]["hi"])[] 
 []


Overfull \hbox (23.02345pt too wide) in paragraph at lines 776--776
[]    \OT1/cmtt/m/n/10.95 C2 = iv(constants["intervals"]["C2"]["lo"], constants["intervals"]["C2"]["hi"])[] 
 []


Overfull \hbox (51.76689pt too wide) in paragraph at lines 777--777
[]    \OT1/cmtt/m/n/10.95 Cup = iv(constants["intervals"]["C_up"]["lo"], constants["intervals"]["C_up"]["hi"])[] 
 []


Overfull \hbox (69.01295pt too wide) in paragraph at lines 778--778
[]    \OT1/cmtt/m/n/10.95 Chpp = iv(constants["intervals"]["C_hpp"]["lo"], constants["intervals"]["C_hpp"]["hi"])[] 
 []


Overfull \hbox (5.77739pt too wide) in paragraph at lines 802--802
[]    \OT1/cmtt/m/n/10.95 lhs = mul(mul(mul(iv("2"), Cup, prec), pow_3_2(delta, prec), prec), L, prec)[] 
 []

[12]
Overfull \hbox (155.24327pt too wide) in paragraph at lines 830--830
[]        \OT1/cmtt/m/n/10.95 print("Usage: generate_tail_certificate.py constants.json tail_certificate.json", file=sys.stderr)[] 
 []

[13]
Overfull \hbox (143.7459pt too wide) in paragraph at lines 888--888
[]        \OT1/cmtt/m/n/10.95 print("Usage: verify_tail_certificate.py constants.json tail_certificate.json", file=sys.stderr)[] 
 []


Overfull \hbox (300.1102pt too wide) in paragraph at lines 902--902
[]        \OT1/cmtt/m/n/10.95 gen_cmd = [sys.executable, os.path.join(os.path.dirname(__file__), "generate_tail_certificate.py"), const_path, regen_path][] 
 []


Overfull \hbox (54.64122pt too wide) in paragraph at lines 908--908
[]    \OT1/cmtt/m/n/10.95 # Compare key fields; we avoid strict file equality because JSON formatting can vary.[] 
 []


Overfull \hbox (159.26735pt too wide) in paragraph at lines 910--910
[]        \OT1/cmtt/m/n/10.95 "certificate_version","m_band","eta","alpha","prec","pi_interval","logm_interval","delta_interval",[] 
 []

[14]

LaTeX Warning: Reference `sec:tick' on page 15 undefined on input line 946.


Overfull \hbox (6.92712pt too wide) in paragraph at lines 957--957
[]\OT1/cmtt/m/n/10.95 Deterministic prime-locked tick generator and an audit against "true" zeta zeros[] 
 []


Overfull \hbox (37.39516pt too wide) in paragraph at lines 962--962
[]  \OT1/cmtt/m/n/10.95 - It is included only as supplementary numerics and does not feed into the RH proof.[] 
 []


Overfull \hbox (12.67581pt too wide) in paragraph at lines 968--968
[]  \OT1/cmtt/m/n/10.95 A small table of max/mean absolute error and max/mean relative error for j=2..J[] 
 []

[15] [16]
Overfull \hbox (78.78572pt too wide) in paragraph at lines 1069--1069
[]\OT1/cmtt/m/n/10.95 def stats(errs: List[mp.mpf], truths: List[mp.mpf]) -> Tuple[mp.mpf, mp.mpf, mp.mpf, mp.mpf]:[] 
 []


Overfull \hbox (115.00246pt too wide) in paragraph at lines 1072--1072
[]    \OT1/cmtt/m/n/10.95 return max(abs_err), mp.fsum(abs_err)/len(abs_err), max(rel_err), mp.fsum(rel_err)/len(rel_err)[] 
 []

[17]

/workspaces/Portfolio-Projects/.vscode/PARTS/PART_III/v29/manuscript_v29.tex:1083: Package inputenc Error: Unicode character Δ (U+0394)
(inputenc)                not set up for use with LaTeX.

See the inputenc package documentation for explanation.
Type  H <return>  for immediate help.
 ...                                              
                                                  
l.1083 ...Δm|","mean|Δm|","max rel","mean rel"))
                                                  
You may provide a definition with
\DeclareUnicodeCharacter 


/workspaces/Portfolio-Projects/.vscode/PARTS/PART_III/v29/manuscript_v29.tex:1083: Package inputenc Error: Unicode character Δ (U+0394)
(inputenc)                not set up for use with LaTeX.

See the inputenc package documentation for explanation.
Type  H <return>  for immediate help.
 ...                                              
                                                  
l.1083 ...Δm|","mean|Δm|","max rel","mean rel"))
                                                  
You may provide a definition with
\DeclareUnicodeCharacter 


Overfull \hbox (160.99196pt too wide) in paragraph at lines 1083--1083
[]    \OT1/cmtt/m/n/10.95 print("{:>6s}  {:>14s}  {:>14s}  {:>14s}  {:>14s}".format("C","max|m|","mean|m|","max rel","mean rel"))[] 
 []


Overfull \hbox (247.22227pt too wide) in paragraph at lines 1092--1092
[]        \OT1/cmtt/m/n/10.95 print("{:6d}  {:14.6e}  {:14.6e}  {:14.6e}  {:14.6e}".format(C, float(mx), float(mean), float(mxr), float(meanr)))[] 
 []

[18] [19

]
Package atveryend Info: Empty hook `BeforeClearDocument' on input line 1153.
 [20

]
Package atveryend Info: Empty hook `AfterLastShipout' on input line 1153.
 (/workspaces/Portfolio-Projects/.vscode/PARTS/PART_III/v29/manuscript_v29.aux)
Package atveryend Info: Executing hook `AtVeryEndDocument' on input line 1153.
Package atveryend Info: Executing hook `AtEndAfterFileList' on input line 1153.


Package rerunfilecheck Warning: File `manuscript_v29.out' has changed.
(rerunfilecheck)                Rerun to get outlines right
(rerunfilecheck)                or use package `bookmark'.

Package rerunfilecheck Info: Checksums for `manuscript_v29.out':
(rerunfilecheck)             Before: <no file>
(rerunfilecheck)             After:  50EB1B8702D8FF6160CFFF352D7876C1;1261.

LaTeX Warning: There were undefined references.


LaTeX Warning: Label(s) may have changed. Rerun to get cross-references right.

Package atveryend Info: Empty hook `AtVeryVeryEnd' on input line 1153.
 ) 
Here is how much of TeX's memory you used:
 11011 strings out of 483183
 171615 string characters out of 5966291
 478649 words of memory out of 5000000
 25634 multiletter control sequences out of 15000+600000
 548642 words of font info for 124 fonts, out of 8000000 for 9000
 14 hyphenation exceptions out of 8191
 41i,9n,42p,486b,474s stack positions out of 5000i,500n,10000p,200000b,80000s
 </home/codespace/.texlive2019/texmf-var/fonts/pk/ljfour/jknappen/ec/tcrm1000.600pk></usr/share/texlive/texmf-dist/fonts/type1/public/amsfonts/cm/cmbx10.pfb></usr/share/texlive/texmf-dist/fonts/type1/public/amsfonts/cm/cmbx12.pfb></usr/share/texlive/texmf-dist/fonts/type1/public/amsfonts/cm/cmbxti10.pfb></usr/share/texlive/texmf-dist/fonts/type1/public/amsfonts/cm/cmex10.pfb></usr/share/texlive/texmf-dist/fonts/type1/public/amsfonts/cm/cmmi10.pfb></usr/share/texlive/texmf-dist/fonts/type1/public/amsfonts/cm/cmmi6.pfb></usr/share/texlive/texmf-dist/fonts/type1/public/amsfonts/cm/cmmi8.pfb></usr/share/texlive/texmf-dist/fonts/type1/public/amsfonts/cm/cmr10.pfb></usr/share/texlive/texmf-dist/fonts/type1/public/amsfonts/cm/cmr12.pfb></usr/share/texlive/texmf-dist/fonts/type1/public/amsfonts/cm/cmr6.pfb></usr/share/texlive/texmf-dist/fonts/type1/public/amsfonts/cm/cmr7.pfb></usr/share/texlive/texmf-dist/fonts/type1/public/amsfonts/cm/cmr8.pfb></usr/share/texlive/texmf-dist/fonts/type1/public/amsfonts/cm/cmsy10.pfb></usr/share/texlive/texmf-dist/fonts/type1/public/amsfonts/cm/cmsy6.pfb></usr/share/texlive/texmf-dist/fonts/type1/public/amsfonts/cm/cmsy8.pfb></usr/share/texlive/texmf-dist/fonts/type1/public/amsfonts/cm/cmti10.pfb></usr/share/texlive/texmf-dist/fonts/type1/public/amsfonts/cm/cmtt10.pfb></usr/share/texlive/texmf-dist/fonts/type1/public/amsfonts/symbols/msbm10.pfb>
Output written on /workspaces/Portfolio-Projects/.vscode/PARTS/PART_III/v29/manuscript_v29.pdf (20 pages, 282512 bytes).
PDF statistics:
 278 PDF objects out of 1000 (max. 8388607)
 234 compressed objects within 3 object streams
 105 named destinations out of 1000 (max. 500000)
 20481 words of extra memory for PDF output out of 20736 (max. 10000000)

