\BOOKMARK [1][-]{section*.3}{Executive Proof Status \(v27\)}{}% 1
\BOOKMARK [1][-]{section*.5}{Part I \204 Reader\220s Guide / Motivation, Reduction \046 Implications}{}% 2
\BOOKMARK [1][-]{section*.15}{Part II \204 Self-Contained Boundary\205Only Contradiction on Aligned Boxes}{}% 3
\BOOKMARK [1][-]{section*.19}{Symbols \046 Provenance \(at a glance\)}{}% 4
\BOOKMARK [1][-]{section.1}{Frames, symmetry, and the hinge law}{}% 5
\BOOKMARK [1][-]{section.2}{Boxes, de-singularization, residual control, and forcing}{}% 6
\BOOKMARK [1][-]{section.3}{Boundary-only criteria, bridges, and corner interpolation}{}% 7
\BOOKMARK [2][-]{subsection.3.1}{Outer/Rouch\351 Certification Path \(optional\)}{section.3}% 8
\BOOKMARK [2][-]{subsection.3.2}{Corner interpolation \(used only for certification bookkeeping\)}{section.3}% 9
\BOOKMARK [1][-]{section.4}{Analytic tail as a finite certified closure criterion}{}% 10
\BOOKMARK [2][-]{subsection.4.1}{Shape-only invariance under affine normalization}{section.4}% 11
\BOOKMARK [2][-]{subsection.4.2}{Upper envelope: disc-based control \(constant ledgered\)}{section.4}% 12
\BOOKMARK [2][-]{subsection.4.3}{Lower envelope: forcing with a horizontal budget constant}{section.4}% 13
\BOOKMARK [2][-]{subsection.4.4}{Envelope inequality and monotonicity}{section.4}% 14
\BOOKMARK [2][-]{subsection.4.5}{Global RH from a finite ledger + Platt\205Trudgian band}{section.4}% 15
\BOOKMARK [1][-]{section*.23}{Part III \204 Structural Corollaries \(after the main theorem\)}{}% 16
\BOOKMARK [1][-]{section*.26}{Part III \(continued\) \204 Prime\205Locked Tick Generator \(supplementary\)}{}% 17
\BOOKMARK [1][-]{appendix.A}{Hinge\205Unitarity: a short proof}{}% 18
\BOOKMARK [1][-]{appendix.B}{Corner interpolation inequality}{}% 19
\BOOKMARK [1][-]{appendix.C}{Outer/Rouch\351 certification protocol \(rigorous outline\)}{}% 20
\BOOKMARK [1][-]{appendix.D}{Certified first nontrivial zero and verified band}{}% 21
\BOOKMARK [1][-]{appendix.E}{Certification ledger for tail closure \(finite checklist\)}{}% 22
\BOOKMARK [1][-]{appendix.F}{Appendix PW. A concrete smooth cutoff weight}{}% 23
\BOOKMARK [1][-]{appendix.G}{Appendix NA. Deterministic audit protocol and full reference script}{}% 24
\BOOKMARK [1][-]{section*.36}{References}{}% 25
\BOOKMARK [1][-]{section*.39}{Authorship and AI\205Use Disclosure}{}% 26
