\BOOKMARK [1][-]{section.1}{Overview and dependencies}{}% 1
\BOOKMARK [2][-]{subsection.1.1}{High-level structure}{section.1}% 2
\BOOKMARK [2][-]{subsection.1.2}{What is new in v28 vs v27}{section.1}% 3
\BOOKMARK [1][-]{section.2}{Part I: Frame normalization \(RH-free\)}{}% 4
\BOOKMARK [2][-]{subsection.2.1}{Classical frame}{section.2}% 5
\BOOKMARK [2][-]{subsection.2.2}{Width-2 and centered width-2 frames}{section.2}% 6
\BOOKMARK [2][-]{subsection.2.3}{Height parameter and displacement \(RH-free\)}{section.2}% 7
\BOOKMARK [2][-]{subsection.2.4}{The completed function in the width-2 frame}{section.2}% 8
\BOOKMARK [1][-]{section.3}{Part II: Analytic core and tail closure}{}% 9
\BOOKMARK [2][-]{subsection.3.1}{Aligned boxes}{section.3}% 10
\BOOKMARK [2][-]{subsection.3.2}{Hinge monotonicity \(separating thinge from tfirst\)}{section.3}% 11
\BOOKMARK [2][-]{subsection.3.3}{Local product Zloc and finiteness}{section.3}% 12
\BOOKMARK [2][-]{subsection.3.4}{Outer function and the inner quotient W \(main-line definition\)}{section.3}% 13
\BOOKMARK [2][-]{subsection.3.5}{Bridge 1 \(fixed\): Rouch\351 implies constancy via continuity + maximum principle}{section.3}% 14
\BOOKMARK [2][-]{subsection.3.6}{Residual log-derivative envelope with explicit certified constants}{section.3}% 15
\BOOKMARK [2][-]{subsection.3.7}{Shape-only constants and the tail inequality}{section.3}% 16
\BOOKMARK [2][-]{subsection.3.8}{Worst- and monotonicity \(now with explicit derivatives\)}{section.3}% 17
\BOOKMARK [2][-]{subsection.3.9}{One-height tail inequality check \(deterministic, certified\)}{section.3}% 18
\BOOKMARK [2][-]{subsection.3.10}{Tail closure}{section.3}% 19
\BOOKMARK [2][-]{subsection.3.11}{Global closure}{section.3}% 20
\BOOKMARK [1][-]{section.4}{Concluding remarks}{}% 21
\BOOKMARK [1][-]{appendix.A}{Appendix A: External certified inputs}{}% 22
\BOOKMARK [2][-]{subsection.A.1}{First nontrivial zero height \(reference datum\)}{appendix.A}% 23
\BOOKMARK [2][-]{subsection.A.2}{Verified band up to 31012}{appendix.A}% 24
\BOOKMARK [1][-]{appendix.B}{Appendix B: Disk-to-square map \(as in v27\)}{}% 25
\BOOKMARK [1][-]{appendix.C}{Appendix C: Worst- and monotonicity \(expanded\)}{}% 26
\BOOKMARK [1][-]{appendix.D}{Appendix D: Baked certificate \(constants, one-height check, hashes\)}{}% 27
\BOOKMARK [2][-]{subsection.D.1}{Certificate Table \(single table; explicit numeric intervals\)}{appendix.D}% 28
\BOOKMARK [2][-]{subsection.D.2}{Pinned certificate files \(embedded inline\)}{appendix.D}% 29
\BOOKMARK [2][-]{subsection.D.3}{Deterministic verifier script \(embedded inline\)}{appendix.D}% 30
\BOOKMARK [2][-]{subsection.D.4}{Expected verifier output}{appendix.D}% 31
\BOOKMARK [1][-]{appendix.E}{Appendix E: Tick generator \(supplementary; unchanged\)}{}% 32
