\BOOKMARK [1][-]{section.1}{Frames, symmetry, and the hinge law}{}% 1
\BOOKMARK [1][-]{section.2}{Boxes, de-singularization, residual control, and forcing}{}% 2
\BOOKMARK [1][-]{section.3}{Boundary-only criteria, bridges, and corner interpolation}{}% 3
\BOOKMARK [2][-]{subsection.3.1}{Two-point Schur/outer criterion \(boundary-only\)}{section.3}% 4
\BOOKMARK [2][-]{subsection.3.2}{Outer/Rouch\351 Criterion \(Certification Path\)}{section.3}% 5
\BOOKMARK [2][-]{subsection.3.3}{Corner outer interpolation \(two-point\)}{section.3}% 6
\BOOKMARK [1][-]{section.4}{Analytic tail \(uniform in alpha\)}{}% 7
\BOOKMARK [2][-]{subsection.4.1}{Upper envelope via L2 and harmonic measure}{section.4}% 8
\BOOKMARK [2][-]{subsection.4.2}{Lower envelope via forcing and residual budgets}{section.4}% 9
\BOOKMARK [2][-]{subsection.4.3}{Tail comparison \(analytic, uniform in alpha\)}{section.4}% 10
\BOOKMARK [2][-]{subsection.4.4}{Interpretive \(non-load-bearing\): -neutrality and winding}{section.4}% 11
\BOOKMARK [2][-]{subsection.4.5}{Symbolic thresholds and global consequence}{section.4}% 12
\BOOKMARK [1][-]{appendix.A}{Hinge\205Unitarity \(8-line proof\)}{}% 13
\BOOKMARK [1][-]{appendix.B}{Constants ledger and width-2 transport}{}% 14
\BOOKMARK [1][-]{appendix.C}{Bridges \(inner collapse and stitching\)}{}% 15
\BOOKMARK [1][-]{appendix.D}{Conformal normalization }{}% 16
\BOOKMARK [1][-]{appendix.E}{L2 Hilbert and conformal trace \(detail for \(4.1\)\)}{}% 17
\BOOKMARK [1][-]{appendix.F}{Corner outer interpolation \(full proof\)}{}% 18
\BOOKMARK [1][-]{appendix.G}{Certified Outer/Rouch\351 protocol \(rigorous recipe\)}{}% 19
\BOOKMARK [1][-]{appendix.H}{Toolbox \(structural; not used in proofs\)}{}% 20
\BOOKMARK [1][-]{appendix.I}{First nontrivial height in width-2}{}% 21
\BOOKMARK [1][-]{appendix.J}{-framework \(interpretive\)}{}% 22
\BOOKMARK [1][-]{appendix.K}{Referee Q\046A \(preemptive clarifications\)}{}% 23
