\BOOKMARK [1][-]{section*.3}{Part I \204 Reader\220s Guide / Motivation, Reduction \046 Implications}{}% 1
\BOOKMARK [1][-]{section*.13}{Part II \204 Self-Contained Boundary\205Only Contradiction on Aligned Boxes}{}% 2
\BOOKMARK [1][-]{section*.15}{Symbols \046 Provenance \(at a glance\)}{}% 3
\BOOKMARK [1][-]{section.1}{Frames, symmetry, and the hinge law}{}% 4
\BOOKMARK [1][-]{section.2}{Boxes, de-singularization, residual control, and forcing}{}% 5
\BOOKMARK [1][-]{section.3}{Boundary-only criteria, bridges, and corner interpolation}{}% 6
\BOOKMARK [2][-]{subsection.3.1}{Two-point Schur/outer criterion \(boundary-only\)}{section.3}% 7
\BOOKMARK [2][-]{subsection.3.2}{Outer/Rouch\351 Certification Path}{section.3}% 8
\BOOKMARK [1][-]{section.4}{Analytic tail \(uniform in alpha\)}{}% 9
\BOOKMARK [2][-]{subsection.4.1}{Upper envelope via a disc-based L2 route}{section.4}% 10
\BOOKMARK [2][-]{subsection.4.2}{Lower envelope via forcing, L2 allocation, and Jensen}{section.4}% 11
\BOOKMARK [1][-]{section.5}{Tail comparison \(symbolic and pinned constants\)}{}% 12
\BOOKMARK [1][-]{section*.20}{Part III \204 Structural Corollaries \(after the main theorem\)}{}% 13
\BOOKMARK [1][-]{section*.23}{Part III \(continued\) \204 Prime\205Locked Corollaries and Generator}{}% 14
\BOOKMARK [1][-]{appendix.A}{Hinge\205Unitarity: a short proof}{}% 15
\BOOKMARK [1][-]{appendix.B}{Constants ledger \(sources \046 transport\)}{}% 16
\BOOKMARK [1][-]{appendix.C}{Bridges \(one\205liners\)}{}% 17
\BOOKMARK [1][-]{appendix.D}{Conformal normalization}{}% 18
\BOOKMARK [1][-]{appendix.E}{Corner interpolation \(detail\)}{}% 19
\BOOKMARK [1][-]{appendix.F}{Outer/Rouch\351 certification protocol \(rigorous outline\)}{}% 20
\BOOKMARK [1][-]{appendix.G}{Certified first nontrivial zero}{}% 21
\BOOKMARK [1][-]{section*.27}{Appendix S.1. Operator norms on Lipschitz boundaries \(shape-only dependence\)}{}% 22
\BOOKMARK [1][-]{section*.29}{Appendix S.2. Instantiating \(C1,C2\) from explicit literature bounds \(optional\)}{}% 23
\BOOKMARK [1][-]{section*.31}{Appendix S.3. Pinned constants closing the band}{}% 24
\BOOKMARK [1][-]{section*.33}{Appendix PW. A concrete Paley\205Wiener weight}{}% 25
\BOOKMARK [1][-]{section*.34}{References}{}% 26
\BOOKMARK [1][-]{section*.37}{Authorship and AI\205Use Disclosure}{}% 27
