\BOOKMARK [1][-]{section*.2}{Part I \204 Reader\220s Guide / Motivation, Reduction \046 Implications}{}% 1
\BOOKMARK [1][-]{section*.11}{Part II \204 Self-Contained Boundary\205Only Contradiction on Aligned Boxes}{}% 2
\BOOKMARK [1][-]{section.1}{Frames, symmetry, and the hinge law}{}% 3
\BOOKMARK [1][-]{section.2}{Boxes, de-singularization, residual control, and forcing}{}% 4
\BOOKMARK [1][-]{section.3}{Boundary-only criteria, bridges, and corner interpolation}{}% 5
\BOOKMARK [2][-]{subsection.3.1}{Two-point Schur/outer criterion}{section.3}% 6
\BOOKMARK [2][-]{subsection.3.2}{Outer/Rouch\351 Certification Path}{section.3}% 7
\BOOKMARK [2][-]{subsection.3.3}{Corner outer interpolation}{section.3}% 8
\BOOKMARK [1][-]{section.4}{Analytic tail \(uniform in alpha\)}{}% 9
\BOOKMARK [2][-]{subsection.4.1}{Upper envelope via a disc-based L2 route}{section.4}% 10
\BOOKMARK [2][-]{subsection.4.2}{Lower envelope via forcing, allocation, and Jensen}{section.4}% 11
\BOOKMARK [2][-]{subsection.4.3}{Tail comparison \(symbolic constants\)}{section.4}% 12
\BOOKMARK [1][-]{section*.18}{Part III \204 Structural Corollaries \(after the main theorem\)}{}% 13
\BOOKMARK [1][-]{appendix.A}{Hinge proof \(eight-line variant\)}{}% 14
\BOOKMARK [1][-]{appendix.B}{Constants ledger \(sources \046 transport\)}{}% 15
\BOOKMARK [1][-]{appendix.C}{Bridges \(one-liners\)}{}% 16
\BOOKMARK [1][-]{appendix.D}{Conformal normalization}{}% 17
\BOOKMARK [1][-]{appendix.E}{Outer/Rouch\351 certification protocol \(rigorous outline\)}{}% 18
\BOOKMARK [1][-]{appendix.F}{Toolbox \(structural; not used in proofs\)}{}% 19
\BOOKMARK [1][-]{appendix.G}{Certified first nontrivial zero}{}% 20
\BOOKMARK [1][-]{appendix.H}{Operator norms on Lipschitz boundaries \(shape-only dependence\)}{}% 21
\BOOKMARK [1][-]{appendix.I}{Instantiating \(C1,C2\) \(optional\)}{}% 22
\BOOKMARK [1][-]{appendix.J}{A concrete Paley\205Wiener weight}{}% 23
